app/build/intermediates/manifest_merge_blame_file/debug/manifest-merger-blame-debug-report.txt
1<?xml version="1.0" encoding="utf-8"?>
2<manifest xmlns:android="http://schemas.android.com/apk/res/android"
3    package="com.awsomeapp202308"
4    android:versionCode="1"
5    android:versionName="1.0" >
6
7    <uses-sdk
8        android:minSdkVersion="21"
9        android:targetSdkVersion="33" />
10
11    <uses-permission android:name="android.permission.SYSTEM_ALERT_WINDOW" />
11-->src\debug\AndroidManifest.xml:5:5-77
11-->src\debug\AndroidManifest.xml:5:22-75
12    <uses-permission android:name="android.permission.INTERNET" />
12-->src\main\AndroidManifest.xml:3:3-65
12-->src\main\AndroidManifest.xml:3:20-62
13    <uses-permission android:name="android.permission.ACCESS_NETWORK_STATE" />
13-->src\main\AndroidManifest.xml:4:3-77
13-->src\main\AndroidManifest.xml:4:20-74
14    <uses-permission android:name="android.permission.ACCESS_WIFI_STATE" /> <!-- Request legacy Bluetooth permissions on older devices. -->
14-->[com.facebook.flipper:flipper:0.182.0] AndroidManifest.xml:16:5-76
14-->[com.facebook.flipper:flipper:0.182.0] AndroidManifest.xml:16:22-73
15    <uses-permission
15-->[:react-native-thermal-printer] AndroidManifest.xml:9:5-11:38
16        android:name="android.permission.BLUETOOTH"
16-->[:react-native-thermal-printer] AndroidManifest.xml:10:9-52
17        android:maxSdkVersion="30" />
17-->[:react-native-thermal-printer] AndroidManifest.xml:11:9-35
18    <uses-permission
18-->[:react-native-thermal-printer] AndroidManifest.xml:12:5-14:38
19        android:name="android.permission.BLUETOOTH_ADMIN"
19-->[:react-native-thermal-printer] AndroidManifest.xml:13:9-58
20        android:maxSdkVersion="30" />
20-->[:react-native-thermal-printer] AndroidManifest.xml:14:9-35
21    <!--
22  Needed only if your app looks for Bluetooth devices. If your app doesn't use Bluetooth scan
23  results to derive physical location information, you can strongly assert that your app doesn't
24  derive physical location.
25    -->
26    <uses-permission android:name="android.permission.BLUETOOTH_SCAN" /> <!-- Needed only if your app makes the device discoverable to Bluetooth devices. -->
26-->[:react-native-thermal-printer] AndroidManifest.xml:21:5-73
26-->[:react-native-thermal-printer] AndroidManifest.xml:21:22-70
27    <uses-permission android:name="android.permission.BLUETOOTH_ADVERTISE" /> <!-- Needed only if your app communicates with already-paired Bluetooth devices. -->
27-->[:react-native-thermal-printer] AndroidManifest.xml:24:5-78
27-->[:react-native-thermal-printer] AndroidManifest.xml:24:22-75
28    <uses-permission android:name="android.permission.BLUETOOTH_CONNECT" />
28-->[:react-native-thermal-printer] AndroidManifest.xml:27:5-76
28-->[:react-native-thermal-printer] AndroidManifest.xml:27:22-73
29
30    <permission
30-->[androidx.core:core:1.9.0] AndroidManifest.xml:22:5-24:47
31        android:name="com.awsomeapp202308.DYNAMIC_RECEIVER_NOT_EXPORTED_PERMISSION"
31-->[androidx.core:core:1.9.0] AndroidManifest.xml:23:9-81
32        android:protectionLevel="signature" />
32-->[androidx.core:core:1.9.0] AndroidManifest.xml:24:9-44
33
34    <uses-permission android:name="com.awsomeapp202308.DYNAMIC_RECEIVER_NOT_EXPORTED_PERMISSION" />
34-->[androidx.core:core:1.9.0] AndroidManifest.xml:26:5-97
34-->[androidx.core:core:1.9.0] AndroidManifest.xml:26:22-94
35
36    <application
36-->src\main\AndroidManifest.xml:6:3-25:17
37        android:name="com.awsomeapp202308.MainApplication"
37-->src\main\AndroidManifest.xml:7:5-36
38        android:allowBackup="false"
38-->src\main\AndroidManifest.xml:11:5-32
39        android:appComponentFactory="androidx.core.app.CoreComponentFactory"
39-->[androidx.core:core:1.9.0] AndroidManifest.xml:28:18-86
40        android:debuggable="true"
41        android:icon="@mipmap/ic_launcher"
41-->src\main\AndroidManifest.xml:9:5-39
42        android:label="@string/app_name"
42-->src\main\AndroidManifest.xml:8:5-37
43        android:roundIcon="@mipmap/ic_launcher_round"
43-->src\main\AndroidManifest.xml:10:5-50
44        android:theme="@style/AppTheme"
44-->src\main\AndroidManifest.xml:12:5-36
45        android:usesCleartextTraffic="true" >
45-->src\debug\AndroidManifest.xml:8:9-44
46        <activity
46-->src\debug\AndroidManifest.xml:11:9-111
47            android:name="com.facebook.react.devsupport.DevSettingsActivity"
47-->src\debug\AndroidManifest.xml:11:19-83
48            android:exported="false" />
48-->src\debug\AndroidManifest.xml:11:84-108
49        <activity
49-->src\main\AndroidManifest.xml:13:5-24:16
50            android:name="com.awsomeapp202308.MainActivity"
50-->src\main\AndroidManifest.xml:14:7-35
51            android:configChanges="keyboard|keyboardHidden|orientation|screenLayout|screenSize|smallestScreenSize|uiMode"
51-->src\main\AndroidManifest.xml:16:7-116
52            android:exported="true"
52-->src\main\AndroidManifest.xml:19:7-30
53            android:label="@string/app_name"
53-->src\main\AndroidManifest.xml:15:7-39
54            android:launchMode="singleTask"
54-->src\main\AndroidManifest.xml:17:7-38
55            android:windowSoftInputMode="adjustResize" >
55-->src\main\AndroidManifest.xml:18:7-49
56            <intent-filter>
56-->src\main\AndroidManifest.xml:20:7-23:23
57                <action android:name="android.intent.action.MAIN" />
57-->src\main\AndroidManifest.xml:21:9-61
57-->src\main\AndroidManifest.xml:21:17-58
58
59                <category android:name="android.intent.category.LAUNCHER" />
59-->src\main\AndroidManifest.xml:22:9-69
59-->src\main\AndroidManifest.xml:22:19-66
60            </intent-filter>
61        </activity>
62
63        <provider
63-->[androidx.emoji2:emoji2:1.2.0] AndroidManifest.xml:24:9-32:20
64            android:name="androidx.startup.InitializationProvider"
64-->[androidx.emoji2:emoji2:1.2.0] AndroidManifest.xml:25:13-67
65            android:authorities="com.awsomeapp202308.androidx-startup"
65-->[androidx.emoji2:emoji2:1.2.0] AndroidManifest.xml:26:13-68
66            android:exported="false" >
66-->[androidx.emoji2:emoji2:1.2.0] AndroidManifest.xml:27:13-37
67            <meta-data
67-->[androidx.emoji2:emoji2:1.2.0] AndroidManifest.xml:29:13-31:52
68                android:name="androidx.emoji2.text.EmojiCompatInitializer"
68-->[androidx.emoji2:emoji2:1.2.0] AndroidManifest.xml:30:17-75
69                android:value="androidx.startup" />
69-->[androidx.emoji2:emoji2:1.2.0] AndroidManifest.xml:31:17-49
70            <meta-data
70-->[androidx.lifecycle:lifecycle-process:2.4.1] AndroidManifest.xml:31:13-33:52
71                android:name="androidx.lifecycle.ProcessLifecycleInitializer"
71-->[androidx.lifecycle:lifecycle-process:2.4.1] AndroidManifest.xml:32:17-78
72                android:value="androidx.startup" />
72-->[androidx.lifecycle:lifecycle-process:2.4.1] AndroidManifest.xml:33:17-49
73        </provider>
74
75        <meta-data
75-->[com.facebook.soloader:soloader:0.10.5] AndroidManifest.xml:12:9-14:37
76            android:name="com.facebook.soloader.enabled"
76-->[com.facebook.soloader:soloader:0.10.5] AndroidManifest.xml:13:13-57
77            android:value="false" />
77-->[com.facebook.soloader:soloader:0.10.5] AndroidManifest.xml:14:13-34
78    </application>
79
80</manifest>